<?xml version="1.0" encoding="UTF-8"?>
<!-- Generated by org.testng.reporters.JUnitReportReporter -->
<testsuite hostname="DESKTOP-9S8CMAJ" failures="0" tests="2" name="Controller.QuanLyControllerTest" time="6.368" errors="0" timestamp="2024-07-22T17:38:39 ICT" skipped="0">
  <testcase classname="Controller.QuanLyControllerTest" name="testThemNhanVienThatBaiDeTrongSoDienThoai" time="3.194"/>
  <system-out/>
  <testcase classname="Controller.QuanLyControllerTest" name="testThemNhanVienThatBai" time="3.174"/>
  <system-out/>
</testsuite> <!-- Controller.QuanLyControllerTest -->
