<?xml version="1.0" encoding="UTF-8"?>
<!-- Generated by org.testng.reporters.JUnitReportReporter -->
<testsuite hostname="DESKTOP-9S8CMAJ" failures="0" tests="5" name="Model.NhaCungCapModelTest" time="0.015" errors="0" timestamp="2024-07-18T10:07:43 ICT" skipped="0">
  <testcase classname="Model.NhaCungCapModelTest" name="testGetDiaChi" time="0.013"/>
  <system-out/>
  <testcase classname="Model.NhaCungCapModelTest" name="testGetIdNhaCC" time="0.001"/>
  <system-out/>
  <testcase classname="Model.NhaCungCapModelTest" name="testSetDiaChi" time="0.000"/>
  <system-out/>
  <testcase classname="Model.NhaCungCapModelTest" name="testGetSoDienThoai" time="0.001"/>
  <system-out/>
  <testcase classname="Model.NhaCungCapModelTest" name="testSetSoDienThoai" time="0.000"/>
  <system-out/>
</testsuite> <!-- Model.NhaCungCapModelTest -->
