<?xml version="1.0" encoding="UTF-8"?>
<!-- Generated by org.testng.reporters.JUnitReportReporter -->
<testsuite hostname="DESKTOP-9S8CMAJ" failures="0" tests="1" name="Controller.DangNhapControllerTest" time="5.380" errors="0" timestamp="2024-07-22T18:45:57 ICT" skipped="0">
  <testcase classname="Controller.DangNhapControllerTest" name="testDangNhapVoiDuLieuDeTrong" time="5.380"/>
  <system-out/>
</testsuite> <!-- Controller.DangNhapControllerTest -->
