<?xml version="1.0" encoding="UTF-8"?>
<!-- Generated by org.testng.reporters.JUnitReportReporter -->
<testsuite hostname="DESKTOP-9S8CMAJ" failures="0" tests="9" name="DAO.CaLamViecDaoTest" time="0.469" errors="0" timestamp="2024-07-18T11:03:40 ICT" skipped="0">
  <testcase classname="DAO.CaLamViecDaoTest" name="selectAllTest" time="0.037"/>
  <system-out/>
  <testcase classname="DAO.CaLamViecDaoTest" name="selectByCondition1Test" time="0.021"/>
  <system-out/>
  <testcase classname="DAO.CaLamViecDaoTest" name="getInstanceTest" time="0.000"/>
  <system-out/>
  <testcase classname="DAO.CaLamViecDaoTest" name="insertTest" time="0.019"/>
  <system-out/>
  <testcase classname="DAO.CaLamViecDaoTest" name="updateTest" time="0.018"/>
  <system-out/>
  <testcase classname="DAO.CaLamViecDaoTest" name="selectByIdTestString" time="0.014"/>
  <system-out/>
  <testcase classname="DAO.CaLamViecDaoTest" name="deleteTest" time="0.322"/>
  <system-out/>
  <testcase classname="DAO.CaLamViecDaoTest" name="selectByIdTestCaLamViecModel" time="0.018"/>
  <system-out/>
  <testcase classname="DAO.CaLamViecDaoTest" name="selectByConditionTest" time="0.020"/>
  <system-out/>
</testsuite> <!-- DAO.CaLamViecDaoTest -->
