<?xml version="1.0" encoding="UTF-8"?>
<!-- Generated by org.testng.reporters.JUnitReportReporter -->
<testsuite hostname="DESKTOP-9S8CMAJ" failures="0" tests="1" name="DAO.DoanhThuNamDAOTest" time="0.394" errors="0" timestamp="2024-07-18T11:04:10 ICT" skipped="0">
  <testcase classname="DAO.DoanhThuNamDAOTest" name="selectAllTest" time="0.394"/>
  <system-out/>
</testsuite> <!-- DAO.DoanhThuNamDAOTest -->
