<?xml version="1.0" encoding="UTF-8"?>
<!-- Generated by org.testng.reporters.JUnitReportReporter -->
<testsuite hostname="DESKTOP-9S8CMAJ" failures="0" tests="2" name="Model.BangChamCongModelTest" time="0.021" errors="0" timestamp="2024-07-14T14:09:56 ICT" skipped="0">
  <testcase classname="Model.BangChamCongModelTest" name="testSetters" time="0.000"/>
  <system-out/>
  <testcase classname="Model.BangChamCongModelTest" name="testConstructorAndGetters" time="0.021"/>
  <system-out/>
</testsuite> <!-- Model.BangChamCongModelTest -->
