<?xml version="1.0" encoding="UTF-8"?>
<!-- Generated by org.testng.reporters.JUnitReportReporter -->
<testsuite hostname="DESKTOP-9S8CMAJ" failures="0" tests="4" name="DAO.KhuyenMaiDAOTest" time="0.420" errors="0" timestamp="2024-07-18T11:07:14 ICT" skipped="0">
  <testcase classname="DAO.KhuyenMaiDAOTest" name="getInstanceTest" time="0.015"/>
  <system-out/>
  <testcase classname="DAO.KhuyenMaiDAOTest" name="insertTest" time="0.345"/>
  <system-out/>
  <testcase classname="DAO.KhuyenMaiDAOTest" name="updateTest" time="0.020"/>
  <system-out/>
  <testcase classname="DAO.KhuyenMaiDAOTest" name="selectAllTest" time="0.040"/>
  <system-out/>
</testsuite> <!-- DAO.KhuyenMaiDAOTest -->
