<?xml version="1.0" encoding="UTF-8"?>
<!-- Generated by org.testng.reporters.JUnitReportReporter -->
<testsuite hostname="DESKTOP-9S8CMAJ" failures="0" tests="2" name="DAO.DoanhThuThangDAOTest" time="0.367" errors="0" timestamp="2024-07-18T11:05:01 ICT" skipped="0">
  <testcase classname="DAO.DoanhThuThangDAOTest" name="getInstanceTest" time="0.017"/>
  <system-out/>
  <testcase classname="DAO.DoanhThuThangDAOTest" name="selectAllTest" time="0.350"/>
  <system-out/>
</testsuite> <!-- DAO.DoanhThuThangDAOTest -->
