<?xml version="1.0" encoding="UTF-8"?>
<!-- Generated by org.testng.reporters.JUnitReportReporter -->
<testsuite hostname="DESKTOP-9S8CMAJ" failures="0" tests="2" name="Controller.QuanLyControllerTest" time="6.205" errors="0" timestamp="2024-07-22T23:12:21 ICT" skipped="0">
  <testcase classname="Controller.QuanLyControllerTest" name="testUpdateDuLieuRong" time="3.124"/>
  <system-out/>
  <testcase classname="Controller.QuanLyControllerTest" name="testUpdateLuongNhoHon0" time="3.081"/>
  <system-out/>
</testsuite> <!-- Controller.QuanLyControllerTest -->
