<?xml version="1.0" encoding="UTF-8"?>
<!-- Generated by org.testng.reporters.JUnitReportReporter -->
<testsuite hostname="DESKTOP-9S8CMAJ" failures="0" tests="4" name="DAO.NhanVienDAOTest" time="0.495" errors="0" timestamp="2024-07-20T10:08:31 ICT" skipped="0">
  <testcase classname="DAO.NhanVienDAOTest" name="selectByIdTest" time="0.035"/>
  <system-out/>
  <testcase classname="DAO.NhanVienDAOTest" name="timkiemTest" time="0.019"/>
  <system-out/>
  <testcase classname="DAO.NhanVienDAOTest" name="updateTest" time="0.045"/>
  <system-out/>
  <testcase classname="DAO.NhanVienDAOTest" name="selectAllDangLamViecTest" time="0.396"/>
  <system-out/>
</testsuite> <!-- DAO.NhanVienDAOTest -->
