<?xml version="1.0" encoding="UTF-8"?>
<!-- Generated by org.testng.reporters.JUnitReportReporter -->
<testsuite hostname="DESKTOP-9S8CMAJ" failures="0" tests="5" name="Model.TableNhapModelTest" time="0.016" errors="0" timestamp="2024-07-18T10:31:01 ICT" skipped="0">
  <testcase classname="Model.TableNhapModelTest" name="testGetTenNguyenLieu" time="0.001"/>
  <system-out/>
  <testcase classname="Model.TableNhapModelTest" name="testGetIdNguyenLieu" time="0.013"/>
  <system-out/>
  <testcase classname="Model.TableNhapModelTest" name="testGetSDT" time="0.001"/>
  <system-out/>
  <testcase classname="Model.TableNhapModelTest" name="testGetSoLuongTon" time="0.000"/>
  <system-out/>
  <testcase classname="Model.TableNhapModelTest" name="testGetTenNhaCC" time="0.001"/>
  <system-out/>
</testsuite> <!-- Model.TableNhapModelTest -->
